-------------------------------------------------------------------------------
Test set: business.test.TestCreate
-------------------------------------------------------------------------------
Tests run: 1, Failures: 0, Errors: 1, Skipped: 0, Time elapsed: 2.139 s <<< FAILURE! - in business.test.TestCreate
testCreate(business.test.TestCreate)  Time elapsed: 2.09 s  <<< ERROR!
org.hibernate.service.spi.ServiceException: Unable to create requested service [org.hibernate.engine.jdbc.env.spi.JdbcEnvironment]
	at business.test.TestCreate.testCreate(TestCreate.java:50)
Caused by: org.hibernate.engine.jndi.JndiException: JNDI lookups for scheme 'osgi' are not allowed
	at business.test.TestCreate.testCreate(TestCreate.java:50)

