-------------------------------------------------------------------------------
Test set: business.test.TestCreate
-------------------------------------------------------------------------------
Tests run: 4, Failures: 1, Errors: 0, Skipped: 0, Time elapsed: 1.388 s <<< FAILURE! - in business.test.TestCreate
testControllerCreate(business.test.TestCreate)  Time elapsed: 1.264 s  <<< FAILURE!
java.lang.AssertionError: expected:<com.company.plexus.business.entity.ServiceEntity@3e9> but was:<com.company.plexus.business.entity.ServiceEntity@0>
	at business.test.TestCreate.testControllerCreate(TestCreate.java:113)

